This file contains any messages produced by compilers while
running configure, to aid debugging if configure makes a mistake.

It was created by FreeType configure 2.9.1, which was
generated by GNU Autoconf 2.69.  Invocation command line was

  $ ./configure --prefix=/Users/Nora/Documents/research/TESS/planethunters/code/LATTE/Montage-master/lib/src/freetype-2.9.1/../../freetype --without-png --without-zlib

## --------- ##
## Platform. ##
## --------- ##

hostname = Noras-MBP-2
uname -m = x86_64
uname -r = 18.2.0
uname -s = Darwin
uname -v = Darwin Kernel Version 18.2.0: Mon Nov 12 20:24:46 PST 2018; root:xnu-4903.231.4~2/RELEASE_X86_64

/usr/bin/uname -p = i386
/bin/uname -X     = unknown

/bin/arch              = unknown
/usr/bin/arch -k       = unknown
/usr/convex/getsysinfo = unknown
/usr/bin/hostinfo      = Mach kernel version:
	 Darwin Kernel Version 18.2.0: Mon Nov 12 20:24:46 PST 2018; root:xnu-4903.231.4~2/RELEASE_X86_64
Kernel configured for up to 4 processors.
2 processors are physically available.
4 processors are logically available.
Processor type: x86_64h (Intel x86-64h Haswell)
Processors active: 0 1 2 3
Primary memory available: 8.00 gigabytes
Default processor set: 353 tasks, 2084 threads, 4 processors
Load average: 29.62, Mach factor: 0.25
/bin/machine           = unknown
/usr/bin/oslevel       = unknown
/bin/universe          = unknown

PATH: /Library/Python/anaconda/envs/astroconda/bin
PATH: /Library/Python/anaconda/bin
PATH: /usr/local/bin
PATH: /usr/bin
PATH: /bin
PATH: /usr/sbin
PATH: /sbin
PATH: /Library/TeX/texbin
PATH: /opt/X11/bin


## ----------- ##
## Core tests. ##
## ----------- ##

configure:2545: checking build system type
configure:2559: result: x86_64-apple-darwin18.2.0
configure:2579: checking host system type
configure:2592: result: x86_64-apple-darwin18.2.0
configure:2664: checking for gcc
configure:2680: found /usr/bin/gcc
configure:2691: result: gcc
configure:2920: checking for C compiler version
configure:2929: gcc --version >&5
Apple LLVM version 10.0.1 (clang-1001.0.46.4)
Target: x86_64-apple-darwin18.2.0
Thread model: posix
InstalledDir: /Library/Developer/CommandLineTools/usr/bin
Configured with: --prefix=/Library/Developer/CommandLineTools/usr --with-gxx-include-dir=/Library/Developer/CommandLineTools/SDKs/MacOSX10.14.sdk/usr/include/c++/4.2.1
configure:2940: $? = 0
configure:2929: gcc -v >&5
Configured with: --prefix=/Library/Developer/CommandLineTools/usr --with-gxx-include-dir=/Library/Developer/CommandLineTools/SDKs/MacOSX10.14.sdk/usr/include/c++/4.2.1
Apple LLVM version 10.0.1 (clang-1001.0.46.4)
Target: x86_64-apple-darwin18.2.0
Thread model: posix
InstalledDir: /Library/Developer/CommandLineTools/usr/bin
configure:2940: $? = 0
configure:2929: gcc -V >&5
clang: error: unsupported option '-V -Wno-atomic-implicit-seq-cst'
clang: error: no input files
configure:2940: $? = 1
configure:2929: gcc -qversion >&5
clang: error: unknown argument '-qversion', did you mean '--version'?
clang: error: no input files
configure:2940: $? = 1
configure:2960: checking whether the C compiler works
configure:2982: gcc    conftest.c  >&5
configure:2986: $? = 0
configure:3034: result: yes
configure:3037: checking for C compiler default output file name
configure:3039: result: a.out
configure:3045: checking for suffix of executables
configure:3052: gcc -o conftest    conftest.c  >&5
configure:3056: $? = 0
configure:3078: result: 
configure:3100: checking whether we are cross compiling
configure:3108: gcc -o conftest    conftest.c  >&5
configure:3112: $? = 0
configure:3119: ./conftest
configure:3123: $? = 0
configure:3138: result: no
configure:3143: checking for suffix of object files
configure:3165: gcc -c   conftest.c >&5
configure:3169: $? = 0
configure:3190: result: o
configure:3194: checking whether we are using the GNU C compiler
configure:3213: gcc -c   conftest.c >&5
configure:3213: $? = 0
configure:3222: result: yes
configure:3231: checking whether gcc accepts -g
configure:3251: gcc -c -g  conftest.c >&5
configure:3251: $? = 0
configure:3292: result: yes
configure:3309: checking for gcc option to accept ISO C89
configure:3372: gcc  -c -g -O2  conftest.c >&5
configure:3372: $? = 0
configure:3385: result: none needed
configure:3410: checking how to run the C preprocessor
configure:3441: gcc -E  conftest.c
configure:3441: $? = 0
configure:3455: gcc -E  conftest.c
conftest.c:9:10: fatal error: 'ac_nonexistent.h' file not found
#include <ac_nonexistent.h>
         ^~~~~~~~~~~~~~~~~~
1 error generated.
configure:3455: $? = 1
configure: failed program was:
| /* confdefs.h */
| #define PACKAGE_NAME "FreeType"
| #define PACKAGE_TARNAME "freetype"
| #define PACKAGE_VERSION "2.9.1"
| #define PACKAGE_STRING "FreeType 2.9.1"
| #define PACKAGE_BUGREPORT "freetype@nongnu.org"
| #define PACKAGE_URL ""
| /* end confdefs.h.  */
| #include <ac_nonexistent.h>
configure:3480: result: gcc -E
configure:3500: gcc -E  conftest.c
configure:3500: $? = 0
configure:3514: gcc -E  conftest.c
conftest.c:9:10: fatal error: 'ac_nonexistent.h' file not found
#include <ac_nonexistent.h>
         ^~~~~~~~~~~~~~~~~~
1 error generated.
configure:3514: $? = 1
configure: failed program was:
| /* confdefs.h */
| #define PACKAGE_NAME "FreeType"
| #define PACKAGE_TARNAME "freetype"
| #define PACKAGE_VERSION "2.9.1"
| #define PACKAGE_STRING "FreeType 2.9.1"
| #define PACKAGE_BUGREPORT "freetype@nongnu.org"
| #define PACKAGE_URL ""
| /* end confdefs.h.  */
| #include <ac_nonexistent.h>
configure:3598: checking for pkg-config
configure:3631: result: no
configure:3711: checking how to print strings
configure:3738: result: printf
configure:3759: checking for a sed that does not truncate output
configure:3823: result: /usr/bin/sed
configure:3841: checking for grep that handles long lines and -e
configure:3899: result: /usr/bin/grep
configure:3904: checking for egrep
configure:3966: result: /usr/bin/grep -E
configure:3971: checking for fgrep
configure:4033: result: /usr/bin/grep -F
configure:4068: checking for ld used by gcc
configure:4135: result: /Library/Developer/CommandLineTools/usr/bin/ld
configure:4142: checking if the linker (/Library/Developer/CommandLineTools/usr/bin/ld) is GNU ld
configure:4157: result: no
configure:4169: checking for BSD- or MS-compatible name lister (nm)
configure:4223: result: /usr/bin/nm -B
configure:4353: checking the name lister (/usr/bin/nm -B) interface
configure:4360: gcc -c -g -O2  conftest.c >&5
configure:4363: /usr/bin/nm -B "conftest.o"
configure:4366: output
000000000000021c S _some_variable
configure:4373: result: BSD nm
configure:4376: checking whether ln -s works
configure:4380: result: yes
configure:4388: checking the maximum length of command line arguments
configure:4519: result: 196608
configure:4567: checking how to convert x86_64-apple-darwin18.2.0 file names to x86_64-apple-darwin18.2.0 format
configure:4607: result: func_convert_file_noop
configure:4614: checking how to convert x86_64-apple-darwin18.2.0 file names to toolchain format
configure:4634: result: func_convert_file_noop
configure:4641: checking for /Library/Developer/CommandLineTools/usr/bin/ld option to reload object files
configure:4648: result: -r
configure:4722: checking for objdump
configure:4738: found /usr/bin/objdump
configure:4749: result: objdump
configure:4778: checking how to recognize dependent libraries
configure:4978: result: pass_all
configure:5063: checking for dlltool
configure:5093: result: no
configure:5120: checking how to associate runtime and link libraries
configure:5147: result: printf %s\n
configure:5208: checking for ar
configure:5224: found /usr/bin/ar
configure:5235: result: ar
configure:5272: checking for archiver @FILE support
configure:5289: gcc -c -g -O2  conftest.c >&5
configure:5289: $? = 0
configure:5292: ar cru libconftest.a @conftest.lst >&5
ar: @conftest.lst: No such file or directory
configure:5295: $? = 1
configure:5315: result: no
configure:5373: checking for strip
configure:5389: found /usr/bin/strip
configure:5400: result: strip
configure:5472: checking for ranlib
configure:5488: found /usr/bin/ranlib
configure:5499: result: ranlib
configure:5576: checking for gawk
configure:5606: result: no
configure:5576: checking for mawk
configure:5606: result: no
configure:5576: checking for nawk
configure:5606: result: no
configure:5576: checking for awk
configure:5592: found /usr/bin/awk
configure:5603: result: awk
configure:5643: checking command to parse /usr/bin/nm -B output from gcc object
configure:5796: gcc -c -g -O2  conftest.c >&5
configure:5799: $? = 0
configure:5803: /usr/bin/nm -B conftest.o \| sed -n -e 's/^.*[ ]\([BCDEGRST][BCDEGRST]*\)[ ][ ]*\([_A-Za-z][_A-Za-z0-9]*\)$/\1 \2 \2/p' | sed '/ __gnu_lto/d' \> conftest.nm
configure:5806: $? = 0
cannot find nm_test_var in conftest.nm
configure:5796: gcc -c -g -O2  conftest.c >&5
configure:5799: $? = 0
configure:5803: /usr/bin/nm -B conftest.o \| sed -n -e 's/^.*[ ]\([BCDEGRST][BCDEGRST]*\)[ ][ ]*_\([_A-Za-z][_A-Za-z0-9]*\)$/\1 _\2 \2/p' | sed '/ __gnu_lto/d' \> conftest.nm
configure:5806: $? = 0
configure:5872: gcc -o conftest -g -O2   conftest.c conftstm.o >&5
warning: (x86_64)  could not find object file symbol for symbol _main
configure:5875: $? = 0
configure:5913: result: ok
configure:5960: checking for sysroot
configure:5990: result: no
configure:5997: checking for a working dd
configure:6035: result: /bin/dd
configure:6039: checking how to truncate binary pipes
configure:6054: result: /bin/dd bs=4096 count=1
configure:6383: checking for mt
configure:6413: result: no
configure:6433: checking if : is a manifest tool
configure:6439: : '-?'
configure:6447: result: no
configure:6503: checking for dsymutil
configure:6519: found /usr/bin/dsymutil
configure:6530: result: dsymutil
configure:6595: checking for nmedit
configure:6611: found /usr/bin/nmedit
configure:6622: result: nmedit
configure:6687: checking for lipo
configure:6703: found /usr/bin/lipo
configure:6714: result: lipo
configure:6779: checking for otool
configure:6795: found /usr/bin/otool
configure:6806: result: otool
configure:6871: checking for otool64
configure:6901: result: no
configure:6946: checking for -single_module linker flag
gcc -g -O2  -o libconftest.dylib -dynamiclib -Wl,-single_module conftest.c
configure:6979: result: yes
configure:6982: checking for -exported_symbols_list linker flag
configure:7002: gcc -o conftest -g -O2   -Wl,-exported_symbols_list,conftest.sym conftest.c  >&5
configure:7002: $? = 0
configure:7012: result: yes
configure:7015: checking for -force_load linker flag
gcc -g -O2 -c -o conftest.o conftest.c
ar cru libconftest.a conftest.o
ranlib libconftest.a
gcc -g -O2  -o conftest conftest.c -Wl,-force_load,./libconftest.a
configure:7047: result: yes
configure:7120: checking for ANSI C header files
configure:7140: gcc -c -g -O2  conftest.c >&5
configure:7140: $? = 0
configure:7213: gcc -o conftest -g -O2   conftest.c  >&5
configure:7213: $? = 0
configure:7213: ./conftest
configure:7213: $? = 0
configure:7224: result: yes
configure:7237: checking for sys/types.h
configure:7237: gcc -c -g -O2  conftest.c >&5
configure:7237: $? = 0
configure:7237: result: yes
configure:7237: checking for sys/stat.h
configure:7237: gcc -c -g -O2  conftest.c >&5
configure:7237: $? = 0
configure:7237: result: yes
configure:7237: checking for stdlib.h
configure:7237: gcc -c -g -O2  conftest.c >&5
configure:7237: $? = 0
configure:7237: result: yes
configure:7237: checking for string.h
configure:7237: gcc -c -g -O2  conftest.c >&5
configure:7237: $? = 0
configure:7237: result: yes
configure:7237: checking for memory.h
configure:7237: gcc -c -g -O2  conftest.c >&5
configure:7237: $? = 0
configure:7237: result: yes
configure:7237: checking for strings.h
configure:7237: gcc -c -g -O2  conftest.c >&5
configure:7237: $? = 0
configure:7237: result: yes
configure:7237: checking for inttypes.h
configure:7237: gcc -c -g -O2  conftest.c >&5
configure:7237: $? = 0
configure:7237: result: yes
configure:7237: checking for stdint.h
configure:7237: gcc -c -g -O2  conftest.c >&5
configure:7237: $? = 0
configure:7237: result: yes
configure:7237: checking for unistd.h
configure:7237: gcc -c -g -O2  conftest.c >&5
configure:7237: $? = 0
configure:7237: result: yes
configure:7251: checking for dlfcn.h
configure:7251: gcc -c -g -O2  conftest.c >&5
configure:7251: $? = 0
configure:7251: result: yes
configure:7805: checking for objdir
configure:7820: result: .libs
configure:8080: checking if gcc supports -fno-rtti -fno-exceptions
configure:8098: gcc -c -g -O2  -fno-rtti -fno-exceptions conftest.c >&5
configure:8102: $? = 0
configure:8115: result: yes
configure:8473: checking for gcc option to produce PIC
configure:8480: result: -fno-common -DPIC
configure:8488: checking if gcc PIC flag -fno-common -DPIC works
configure:8506: gcc -c -g -O2  -fno-common -DPIC -DPIC conftest.c >&5
configure:8510: $? = 0
configure:8523: result: yes
configure:8552: checking if gcc static flag -static works
configure:8580: result: no
configure:8595: checking if gcc supports -c -o file.o
configure:8616: gcc -c -g -O2  -o out/conftest2.o conftest.c >&5
configure:8620: $? = 0
configure:8642: result: yes
configure:8650: checking if gcc supports -c -o file.o
configure:8697: result: yes
configure:8730: checking whether the gcc linker (/Library/Developer/CommandLineTools/usr/bin/ld) supports shared libraries
configure:9989: result: yes
configure:10229: checking dynamic linker characteristics
configure:11047: result: darwin18.2.0 dyld
configure:11169: checking how to hardcode library paths into programs
configure:11194: result: immediate
configure:11742: checking whether stripping libraries is possible
configure:11756: result: yes
configure:11782: checking if libtool supports shared libraries
configure:11784: result: yes
configure:11787: checking whether to build shared libraries
configure:11812: result: yes
configure:11815: checking whether to build static libraries
configure:11819: result: yes
configure:11899: checking for windres
configure:11929: result: no
configure:12204: checking for a BSD-compatible install
configure:12272: result: /usr/bin/install -c
configure:12291: checking for a thread-safe mkdir -p
configure:12330: result: ./install-sh -c -d
configure:12344: checking for ANSI C header files
configure:12448: result: yes
configure:12459: checking fcntl.h usability
configure:12459: gcc -c -g -O2  conftest.c >&5
configure:12459: $? = 0
configure:12459: result: yes
configure:12459: checking fcntl.h presence
configure:12459: gcc -E  conftest.c
configure:12459: $? = 0
configure:12459: result: yes
configure:12459: checking for fcntl.h
configure:12459: result: yes
configure:12459: checking for unistd.h
configure:12459: result: yes
configure:12473: checking for an ANSI C-conforming const
configure:12539: gcc -c -g -O2  conftest.c >&5
configure:12539: $? = 0
configure:12546: result: yes
configure:12558: checking size of int
configure:12563: gcc -o conftest -g -O2   conftest.c  >&5
configure:12563: $? = 0
configure:12563: ./conftest
configure:12563: $? = 0
configure:12577: result: 4
configure:12591: checking size of long
configure:12596: gcc -o conftest -g -O2   conftest.c  >&5
configure:12596: $? = 0
configure:12596: ./conftest
configure:12596: $? = 0
configure:12610: result: 8
configure:12621: checking for unsigned long long int
configure:12660: gcc -o conftest -g -O2   conftest.c  >&5
configure:12660: $? = 0
configure:12669: result: yes
configure:12679: checking for long long int
configure:12717: gcc -o conftest -g -O2   conftest.c  >&5
configure:12717: $? = 0
configure:12717: ./conftest
configure:12717: $? = 0
configure:12729: result: yes
configure:12741: checking whether cpp computation of bit length in ftconfig.in works
configure:12796: result: yes
configure:12839: checking for special C compiler options needed for large files
configure:12884: result: no
configure:12890: checking for _FILE_OFFSET_BITS value needed for large files
configure:12915: gcc -c -g -O2  conftest.c >&5
configure:12915: $? = 0
configure:12947: result: no
configure:13049: checking for stdlib.h
configure:13049: result: yes
configure:13049: checking for unistd.h
configure:13049: result: yes
configure:13049: checking for sys/param.h
configure:13049: gcc -c -g -O2  conftest.c >&5
configure:13049: $? = 0
configure:13049: result: yes
configure:13069: checking for getpagesize
configure:13069: gcc -o conftest -g -O2   conftest.c  >&5
configure:13069: $? = 0
configure:13069: result: yes
configure:13078: checking for working mmap
configure:13225: gcc -o conftest -g -O2   conftest.c  >&5
configure:13225: $? = 0
configure:13225: ./conftest
configure:13225: $? = 0
configure:13235: result: yes
configure:13251: checking whether munmap is declared
configure:13251: gcc -c -g -O2  conftest.c >&5
configure:13251: $? = 0
configure:13251: result: yes
configure:13271: checking for munmap's first parameter type
configure:13285: gcc -c -g -O2  conftest.c >&5
configure:13285: $? = 0
configure:13286: result: void *
configure:13303: checking for memcpy
configure:13303: gcc -o conftest -g -O2   conftest.c  >&5
conftest.c:58:6: warning: incompatible redeclaration of library function 'memcpy' [-Wincompatible-library-redeclaration]
char memcpy ();
     ^
conftest.c:58:6: note: 'memcpy' is a builtin with type 'void *(void *, const void *, unsigned long)'
1 warning generated.
configure:13303: $? = 0
configure:13303: result: yes
configure:13303: checking for memmove
configure:13303: gcc -o conftest -g -O2   conftest.c  >&5
conftest.c:59:6: warning: incompatible redeclaration of library function 'memmove' [-Wincompatible-library-redeclaration]
char memmove ();
     ^
conftest.c:59:6: note: 'memmove' is a builtin with type 'void *(void *, const void *, unsigned long)'
1 warning generated.
configure:13303: $? = 0
configure:13303: result: yes
configure:13355: checking gcc compiler flag -ansi to assure ANSI C works correctly
configure:13382: gcc -c -g -O2  -ansi  conftest.c >&5
configure:13382: $? = 0
configure:13383: result: ok, adding to XX_ANSIFLAGS
configure:13416: checking for -fvisibility=hidden compiler flag
configure:13431: gcc -c -g -O2 -fvisibility=hidden  conftest.c >&5
configure:13431: $? = 0
configure:13432: result: yes
configure:13656: checking for BZIP2
configure:13715: result: no
configure:13741: checking for BZ2_bzDecompress in -lbz2
configure:13766: gcc -o conftest -g -O2 -fvisibility=hidden   conftest.c -lbz2   >&5
configure:13766: $? = 0
configure:13775: result: yes
configure:13778: checking bzlib.h usability
configure:13778: gcc -c -g -O2 -fvisibility=hidden  conftest.c >&5
configure:13778: $? = 0
configure:13778: result: yes
configure:13778: checking bzlib.h presence
configure:13778: gcc -E  conftest.c
configure:13778: $? = 0
configure:13778: result: yes
configure:13778: checking for bzlib.h
configure:13778: result: yes
configure:13962: checking for HARFBUZZ
configure:14021: result: no
configure:14066: checking for library containing clock_gettime
configure:14097: gcc -o conftest -g -O2 -fvisibility=hidden   conftest.c  >&5
configure:14097: $? = 0
configure:14114: result: none required
configure:14945: creating ./config.status

## ---------------------- ##
## Running config.status. ##
## ---------------------- ##

This file was extended by FreeType config.status 2.9.1, which was
generated by GNU Autoconf 2.69.  Invocation command line was

  CONFIG_FILES    = 
  CONFIG_HEADERS  = 
  CONFIG_LINKS    = 
  CONFIG_COMMANDS = 
  $ ./config.status 

on Noras-MBP-2

config.status:1136: creating ftoption.h
config.status:1136: creating unix-cc.mk
config.status:1136: creating unix-def.mk
config.status:1136: creating ftconfig.h
config.status:1331: executing libtool commands
configure:17194:

Library configuration:
  external zlib: no
  bzip2:         yes (autoconf test)
  libpng:        no
  harfbuzz:      no


## ---------------- ##
## Cache variables. ##
## ---------------- ##

ac_cv_build=x86_64-apple-darwin18.2.0
ac_cv_c_compiler_gnu=yes
ac_cv_c_const=yes
ac_cv_env_BZIP2_CFLAGS_set=
ac_cv_env_BZIP2_CFLAGS_value=
ac_cv_env_BZIP2_LIBS_set=
ac_cv_env_BZIP2_LIBS_value=
ac_cv_env_CC_set=
ac_cv_env_CC_value=
ac_cv_env_CFLAGS_set=
ac_cv_env_CFLAGS_value=
ac_cv_env_CPPFLAGS_set=
ac_cv_env_CPPFLAGS_value=
ac_cv_env_CPP_set=
ac_cv_env_CPP_value=
ac_cv_env_HARFBUZZ_CFLAGS_set=
ac_cv_env_HARFBUZZ_CFLAGS_value=
ac_cv_env_HARFBUZZ_LIBS_set=
ac_cv_env_HARFBUZZ_LIBS_value=
ac_cv_env_LDFLAGS_set=
ac_cv_env_LDFLAGS_value=
ac_cv_env_LIBPNG_CFLAGS_set=
ac_cv_env_LIBPNG_CFLAGS_value=
ac_cv_env_LIBPNG_LIBS_set=
ac_cv_env_LIBPNG_LIBS_value=
ac_cv_env_LIBS_set=
ac_cv_env_LIBS_value=
ac_cv_env_LT_SYS_LIBRARY_PATH_set=
ac_cv_env_LT_SYS_LIBRARY_PATH_value=
ac_cv_env_PKG_CONFIG_LIBDIR_set=
ac_cv_env_PKG_CONFIG_LIBDIR_value=
ac_cv_env_PKG_CONFIG_PATH_set=
ac_cv_env_PKG_CONFIG_PATH_value=
ac_cv_env_PKG_CONFIG_set=
ac_cv_env_PKG_CONFIG_value=
ac_cv_env_ZLIB_CFLAGS_set=
ac_cv_env_ZLIB_CFLAGS_value=
ac_cv_env_ZLIB_LIBS_set=
ac_cv_env_ZLIB_LIBS_value=
ac_cv_env_build_alias_set=
ac_cv_env_build_alias_value=
ac_cv_env_host_alias_set=
ac_cv_env_host_alias_value=
ac_cv_env_target_alias_set=
ac_cv_env_target_alias_value=
ac_cv_func_getpagesize=yes
ac_cv_func_memcpy=yes
ac_cv_func_memmove=yes
ac_cv_func_mmap_fixed_mapped=yes
ac_cv_have_decl_munmap=yes
ac_cv_header_bzlib_h=yes
ac_cv_header_dlfcn_h=yes
ac_cv_header_fcntl_h=yes
ac_cv_header_inttypes_h=yes
ac_cv_header_memory_h=yes
ac_cv_header_stdc=yes
ac_cv_header_stdint_h=yes
ac_cv_header_stdlib_h=yes
ac_cv_header_string_h=yes
ac_cv_header_strings_h=yes
ac_cv_header_sys_param_h=yes
ac_cv_header_sys_stat_h=yes
ac_cv_header_sys_types_h=yes
ac_cv_header_unistd_h=yes
ac_cv_host=x86_64-apple-darwin18.2.0
ac_cv_lib_bz2_BZ2_bzDecompress=yes
ac_cv_objext=o
ac_cv_path_EGREP='/usr/bin/grep -E'
ac_cv_path_FGREP='/usr/bin/grep -F'
ac_cv_path_GREP=/usr/bin/grep
ac_cv_path_SED=/usr/bin/sed
ac_cv_path_install='/usr/bin/install -c'
ac_cv_path_lt_DD=/bin/dd
ac_cv_prog_AWK=awk
ac_cv_prog_CPP='gcc -E'
ac_cv_prog_ac_ct_AR=ar
ac_cv_prog_ac_ct_CC=gcc
ac_cv_prog_ac_ct_DSYMUTIL=dsymutil
ac_cv_prog_ac_ct_LIPO=lipo
ac_cv_prog_ac_ct_NMEDIT=nmedit
ac_cv_prog_ac_ct_OBJDUMP=objdump
ac_cv_prog_ac_ct_OTOOL=otool
ac_cv_prog_ac_ct_RANLIB=ranlib
ac_cv_prog_ac_ct_STRIP=strip
ac_cv_prog_cc_c89=
ac_cv_prog_cc_g=yes
ac_cv_search_clock_gettime='none required'
ac_cv_sizeof_int=4
ac_cv_sizeof_long=8
ac_cv_sys_file_offset_bits=no
ac_cv_sys_largefile_CC=no
ac_cv_type_long_long_int=yes
ac_cv_type_unsigned_long_long_int=yes
lt_cv_apple_cc_single_mod=yes
lt_cv_ar_at_file=no
lt_cv_deplibs_check_method=pass_all
lt_cv_file_magic_cmd='$MAGIC_CMD'
lt_cv_file_magic_test_file=
lt_cv_ld_exported_symbols_list=yes
lt_cv_ld_force_load=yes
lt_cv_ld_reload_flag=-r
lt_cv_nm_interface='BSD nm'
lt_cv_objdir=.libs
lt_cv_path_LD=/Library/Developer/CommandLineTools/usr/bin/ld
lt_cv_path_NM='/usr/bin/nm -B'
lt_cv_path_mainfest_tool=no
lt_cv_prog_compiler_c_o=yes
lt_cv_prog_compiler_c_o_RC=yes
lt_cv_prog_compiler_pic='-fno-common -DPIC'
lt_cv_prog_compiler_pic_works=yes
lt_cv_prog_compiler_rtti_exceptions=yes
lt_cv_prog_compiler_static_works=no
lt_cv_prog_gnu_ld=no
lt_cv_sharedlib_from_linklib_cmd='printf %s\n'
lt_cv_sys_global_symbol_pipe='sed -n -e '\''s/^.*[	 ]\([BCDEGRST][BCDEGRST]*\)[	 ][	 ]*_\([_A-Za-z][_A-Za-z0-9]*\)$/\1 _\2 \2/p'\'' | sed '\''/ __gnu_lto/d'\'''
lt_cv_sys_global_symbol_to_c_name_address='sed -n -e '\''s/^: \(.*\) .*$/  {"\1", (void *) 0},/p'\'' -e '\''s/^[BCDEGRST][BCDEGRST]* .* \(.*\)$/  {"\1", (void *) \&\1},/p'\'''
lt_cv_sys_global_symbol_to_c_name_address_lib_prefix='sed -n -e '\''s/^: \(.*\) .*$/  {"\1", (void *) 0},/p'\'' -e '\''s/^[BCDEGRST][BCDEGRST]* .* \(lib.*\)$/  {"\1", (void *) \&\1},/p'\'' -e '\''s/^[BCDEGRST][BCDEGRST]* .* \(.*\)$/  {"lib\1", (void *) \&\1},/p'\'''
lt_cv_sys_global_symbol_to_cdecl='sed -n -e '\''s/^T .* \(.*\)$/extern int \1();/p'\'' -e '\''s/^[BCDEGRST][BCDEGRST]* .* \(.*\)$/extern char \1;/p'\'''
lt_cv_sys_global_symbol_to_import=
lt_cv_sys_max_cmd_len=196608
lt_cv_to_host_file_cmd=func_convert_file_noop
lt_cv_to_tool_file_cmd=func_convert_file_noop
lt_cv_truncate_bin='/bin/dd bs=4096 count=1'

## ----------------- ##
## Output variables. ##
## ----------------- ##

AR='ar'
AS='as'
AWK='awk'
BZIP2_CFLAGS=''
BZIP2_LIBS='-lbz2'
CC='gcc'
CC_BUILD='gcc'
CFLAGS='-g -O2 -fvisibility=hidden -DDARWIN_NO_CARBON '
CPP='gcc -E'
CPPFLAGS=''
DEFS='-DHAVE_CONFIG_H'
DLLTOOL='false'
DSYMUTIL='dsymutil'
DUMPBIN=''
ECHO_C='\c'
ECHO_N=''
ECHO_T=''
EGREP='/usr/bin/grep -E'
EXEEXT=''
EXEEXT_BUILD=''
FGREP='/usr/bin/grep -F'
FTSYS_SRC='$(BUILD_DIR)/ftsystem.c'
GREP='/usr/bin/grep'
HARFBUZZ_CFLAGS=''
HARFBUZZ_LIBS=''
INSTALL_DATA='${INSTALL} -m 644'
INSTALL_FT2_CONFIG='FALSE'
INSTALL_PROGRAM='${INSTALL}'
INSTALL_SCRIPT='${INSTALL}'
LD='/Library/Developer/CommandLineTools/usr/bin/ld'
LDFLAGS=' -lbz2'
LIBOBJS=''
LIBPNG_CFLAGS=''
LIBPNG_LIBS=''
LIBS=''
LIBSSTATIC_CONFIG='-lfreetype -lbz2'
LIBS_PRIVATE='-lbz2'
LIBTOOL='$(SHELL) $(top_builddir)/libtool'
LIB_CLOCK_GETTIME=''
LIPO='lipo'
LN_S='ln -s'
LTLIBOBJS=''
LT_SYS_LIBRARY_PATH=''
MANIFEST_TOOL=':'
MKDIR_P='/Users/Nora/Documents/research/TESS/planethunters/code/LATTE/Montage-master/lib/src/freetype-2.9.1/builds/unix/./install-sh -c -d'
NM='/usr/bin/nm -B'
NMEDIT='nmedit'
OBJDUMP='objdump'
OBJEXT='o'
OTOOL64=':'
OTOOL='otool'
PACKAGE_BUGREPORT='freetype@nongnu.org'
PACKAGE_NAME='FreeType'
PACKAGE_STRING='FreeType 2.9.1'
PACKAGE_TARNAME='freetype'
PACKAGE_URL=''
PACKAGE_VERSION='2.9.1'
PATH_SEPARATOR=':'
PKG_CONFIG=''
PKG_CONFIG_LIBDIR=''
PKG_CONFIG_PATH=''
RANLIB='ranlib'
RC=''
REQUIRES_PRIVATE=''
SED='/usr/bin/sed'
SHELL='/bin/sh'
STRIP='strip'
XX_ANSIFLAGS=' -ansi'
XX_CFLAGS='-Wall'
ZLIB_CFLAGS=''
ZLIB_LIBS=''
ac_ct_AR='ar'
ac_ct_CC='gcc'
ac_ct_DUMPBIN=''
bindir='${exec_prefix}/bin'
build='x86_64-apple-darwin18.2.0'
build_alias=''
build_cpu='x86_64'
build_libtool_libs=''
build_os='darwin18.2.0'
build_vendor='apple'
datadir='${datarootdir}'
datarootdir='${prefix}/share'
docdir='${datarootdir}/doc/${PACKAGE_TARNAME}'
dvidir='${docdir}'
exec_prefix='${prefix}'
ft_version='22.1.16'
ftmac_c=''
hardcode_libdir_flag_spec=''
host='x86_64-apple-darwin18.2.0'
host_alias=''
host_cpu='x86_64'
host_os='darwin18.2.0'
host_vendor='apple'
htmldir='${docdir}'
includedir='${prefix}/include'
infodir='${datarootdir}/info'
libdir='${exec_prefix}/lib'
libexecdir='${exec_prefix}/libexec'
localedir='${datarootdir}/locale'
localstatedir='${prefix}/var'
mandir='${datarootdir}/man'
oldincludedir='/usr/include'
pdfdir='${docdir}'
prefix='/Users/Nora/Documents/research/TESS/planethunters/code/LATTE/Montage-master/lib/src/freetype-2.9.1/../../freetype'
program_transform_name='s,x,x,'
psdir='${docdir}'
sbindir='${exec_prefix}/sbin'
sharedstatedir='${prefix}/com'
sysconfdir='${prefix}/etc'
target_alias=''
version_info='22:1:16'
wl='-Wl,'

## ----------- ##
## confdefs.h. ##
## ----------- ##

/* confdefs.h */
#define PACKAGE_NAME "FreeType"
#define PACKAGE_TARNAME "freetype"
#define PACKAGE_VERSION "2.9.1"
#define PACKAGE_STRING "FreeType 2.9.1"
#define PACKAGE_BUGREPORT "freetype@nongnu.org"
#define PACKAGE_URL ""
#define STDC_HEADERS 1
#define HAVE_SYS_TYPES_H 1
#define HAVE_SYS_STAT_H 1
#define HAVE_STDLIB_H 1
#define HAVE_STRING_H 1
#define HAVE_MEMORY_H 1
#define HAVE_STRINGS_H 1
#define HAVE_INTTYPES_H 1
#define HAVE_STDINT_H 1
#define HAVE_UNISTD_H 1
#define HAVE_DLFCN_H 1
#define LT_OBJDIR ".libs/"
#define STDC_HEADERS 1
#define HAVE_FCNTL_H 1
#define HAVE_UNISTD_H 1
#define SIZEOF_INT 4
#define SIZEOF_LONG 8
#define HAVE_UNSIGNED_LONG_LONG_INT 1
#define HAVE_LONG_LONG_INT 1
#define HAVE_STDLIB_H 1
#define HAVE_UNISTD_H 1
#define HAVE_SYS_PARAM_H 1
#define HAVE_GETPAGESIZE 1
#define HAVE_MMAP 1
#define HAVE_DECL_MUNMAP 1
#define MUNMAP_USES_VOIDP /**/
#define HAVE_MEMCPY 1
#define HAVE_MEMMOVE 1

configure: exit 0
